[Wed, 25 Apr 18 00:22:20 +0700][ERROR] [2]: ImgController handler class cannot be loaded

[Wed, 25 Apr 18 00:29:16 +0700][ERROR] [2]: ImgController handler class cannot be loaded

[Wed, 25 Apr 18 00:29:18 +0700][ERROR] [5]: Action 'vendor' was not found on handler 'event'

[Wed, 25 Apr 18 00:29:18 +0700][ERROR] [5]: Action 'css' was not found on handler 'event'

[Wed, 25 Apr 18 00:29:18 +0700][ERROR] [5]: Action 'vendor' was not found on handler 'event'

[Wed, 25 Apr 18 00:29:18 +0700][ERROR] [5]: Action 'vendor' was not found on handler 'event'

[Wed, 25 Apr 18 00:29:18 +0700][ERROR] [5]: Action 'vendor' was not found on handler 'event'

[Wed, 25 Apr 18 00:29:18 +0700][ERROR] [5]: Action 'vendor' was not found on handler 'event'

[Wed, 25 Apr 18 00:29:18 +0700][ERROR] [5]: Action 'js' was not found on handler 'event'

[Wed, 25 Apr 18 00:29:18 +0700][ERROR] [5]: Action 'img' was not found on handler 'event'

[Wed, 25 Apr 18 00:29:18 +0700][ERROR] [5]: Action 'vendor' was not found on handler 'event'

[Wed, 25 Apr 18 00:29:18 +0700][ERROR] [5]: Action 'css' was not found on handler 'event'

[Wed, 25 Apr 18 00:29:18 +0700][ERROR] [5]: Action 'vendor' was not found on handler 'event'

[Wed, 25 Apr 18 00:29:18 +0700][ERROR] [5]: Action 'vendor' was not found on handler 'event'

[Wed, 25 Apr 18 00:29:18 +0700][ERROR] [5]: Action 'vendor' was not found on handler 'event'

[Wed, 25 Apr 18 00:29:18 +0700][ERROR] [5]: Action 'vendor' was not found on handler 'event'

[Wed, 25 Apr 18 00:29:18 +0700][ERROR] [5]: Action 'js' was not found on handler 'event'

[Wed, 25 Apr 18 00:31:57 +0700][ERROR] [2]: ImgController handler class cannot be loaded

[Wed, 25 Apr 18 00:31:57 +0700][ERROR] [2]: ImgController handler class cannot be loaded

[Wed, 25 Apr 18 00:31:58 +0700][ERROR] [5]: Action 'vendor' was not found on handler 'event'

[Wed, 25 Apr 18 00:31:58 +0700][ERROR] [5]: Action 'css' was not found on handler 'event'

[Wed, 25 Apr 18 00:31:58 +0700][ERROR] [5]: Action 'vendor' was not found on handler 'event'

[Wed, 25 Apr 18 00:31:59 +0700][ERROR] [5]: Action 'vendor' was not found on handler 'event'

[Wed, 25 Apr 18 00:31:59 +0700][ERROR] [5]: Action 'vendor' was not found on handler 'event'

[Wed, 25 Apr 18 00:31:59 +0700][ERROR] [5]: Action 'vendor' was not found on handler 'event'

[Wed, 25 Apr 18 00:31:59 +0700][ERROR] [5]: Action 'js' was not found on handler 'event'

[Wed, 25 Apr 18 00:31:59 +0700][ERROR] [5]: Action 'img' was not found on handler 'event'

[Wed, 25 Apr 18 00:31:59 +0700][ERROR] [5]: Action 'vendor' was not found on handler 'event'

[Wed, 25 Apr 18 00:31:59 +0700][ERROR] [5]: Action 'css' was not found on handler 'event'

[Wed, 25 Apr 18 00:31:59 +0700][ERROR] [5]: Action 'vendor' was not found on handler 'event'

[Wed, 25 Apr 18 00:31:59 +0700][ERROR] [5]: Action 'vendor' was not found on handler 'event'

[Wed, 25 Apr 18 00:31:59 +0700][ERROR] [5]: Action 'vendor' was not found on handler 'event'

[Wed, 25 Apr 18 00:31:59 +0700][ERROR] [5]: Action 'vendor' was not found on handler 'event'

[Wed, 25 Apr 18 00:31:59 +0700][ERROR] [5]: Action 'js' was not found on handler 'event'

[Wed, 25 Apr 18 00:32:00 +0700][ERROR] [2]: ImgController handler class cannot be loaded

[Wed, 25 Apr 18 00:32:03 +0700][ERROR] [2]: ImgController handler class cannot be loaded

[Wed, 25 Apr 18 00:34:14 +0700][ERROR] [5]: Action 'vendor' was not found on handler 'event'

[Wed, 25 Apr 18 00:34:14 +0700][ERROR] [5]: Action 'vendor' was not found on handler 'event'

[Wed, 25 Apr 18 00:34:14 +0700][ERROR] [5]: Action 'css' was not found on handler 'event'

[Wed, 25 Apr 18 00:34:14 +0700][ERROR] [5]: Action 'vendor' was not found on handler 'event'

[Wed, 25 Apr 18 00:34:14 +0700][ERROR] [5]: Action 'vendor' was not found on handler 'event'

[Wed, 25 Apr 18 00:34:14 +0700][ERROR] [5]: Action 'vendor' was not found on handler 'event'

[Wed, 25 Apr 18 00:34:14 +0700][ERROR] [5]: Action 'js' was not found on handler 'event'

[Wed, 25 Apr 18 00:34:14 +0700][ERROR] [5]: Action 'img' was not found on handler 'event'

[Wed, 25 Apr 18 00:34:14 +0700][ERROR] [5]: Action 'vendor' was not found on handler 'event'

[Wed, 25 Apr 18 00:34:14 +0700][ERROR] [5]: Action 'vendor' was not found on handler 'event'

[Wed, 25 Apr 18 00:34:14 +0700][ERROR] [5]: Action 'css' was not found on handler 'event'

[Wed, 25 Apr 18 00:34:14 +0700][ERROR] [5]: Action 'vendor' was not found on handler 'event'

[Wed, 25 Apr 18 00:34:14 +0700][ERROR] [5]: Action 'vendor' was not found on handler 'event'

[Wed, 25 Apr 18 00:34:14 +0700][ERROR] [5]: Action 'vendor' was not found on handler 'event'

[Wed, 25 Apr 18 00:34:14 +0700][ERROR] [5]: Action 'js' was not found on handler 'event'

[Wed, 25 Apr 18 00:34:23 +0700][ERROR] [5]: Action 'css' was not found on handler 'event'

[Wed, 25 Apr 18 00:34:23 +0700][ERROR] [5]: Action 'vendor' was not found on handler 'event'

[Wed, 25 Apr 18 00:34:23 +0700][ERROR] [5]: Action 'vendor' was not found on handler 'event'

[Wed, 25 Apr 18 00:34:23 +0700][ERROR] [5]: Action 'vendor' was not found on handler 'event'

[Wed, 25 Apr 18 00:34:23 +0700][ERROR] [5]: Action 'vendor' was not found on handler 'event'

[Wed, 25 Apr 18 00:34:23 +0700][ERROR] [5]: Action 'vendor' was not found on handler 'event'

[Wed, 25 Apr 18 00:34:23 +0700][ERROR] [5]: Action 'js' was not found on handler 'event'

[Wed, 25 Apr 18 00:34:23 +0700][ERROR] [5]: Action 'img' was not found on handler 'event'

[Wed, 25 Apr 18 00:34:23 +0700][ERROR] [5]: Action 'vendor' was not found on handler 'event'

[Wed, 25 Apr 18 00:34:23 +0700][ERROR] [5]: Action 'css' was not found on handler 'event'

[Wed, 25 Apr 18 00:34:23 +0700][ERROR] [5]: Action 'vendor' was not found on handler 'event'

[Wed, 25 Apr 18 00:34:23 +0700][ERROR] [5]: Action 'vendor' was not found on handler 'event'

[Wed, 25 Apr 18 00:34:23 +0700][ERROR] [5]: Action 'vendor' was not found on handler 'event'

[Wed, 25 Apr 18 00:34:23 +0700][ERROR] [5]: Action 'vendor' was not found on handler 'event'

[Wed, 25 Apr 18 00:34:23 +0700][ERROR] [5]: Action 'js' was not found on handler 'event'

[Wed, 25 Apr 18 00:35:00 +0700][ERROR] [5]: Action 'vendor' was not found on handler 'event'

[Wed, 25 Apr 18 00:35:00 +0700][ERROR] [5]: Action 'vendor' was not found on handler 'event'

[Wed, 25 Apr 18 00:35:00 +0700][ERROR] [5]: Action 'css' was not found on handler 'event'

[Wed, 25 Apr 18 00:35:00 +0700][ERROR] [5]: Action 'vendor' was not found on handler 'event'

[Wed, 25 Apr 18 00:35:00 +0700][ERROR] [5]: Action 'vendor' was not found on handler 'event'

[Wed, 25 Apr 18 00:35:00 +0700][ERROR] [5]: Action 'vendor' was not found on handler 'event'

[Wed, 25 Apr 18 00:35:00 +0700][ERROR] [5]: Action 'js' was not found on handler 'event'

[Wed, 25 Apr 18 00:35:00 +0700][ERROR] [5]: Action 'img' was not found on handler 'event'

[Wed, 25 Apr 18 00:35:00 +0700][ERROR] [5]: Action 'vendor' was not found on handler 'event'

[Wed, 25 Apr 18 00:35:00 +0700][ERROR] [5]: Action 'vendor' was not found on handler 'event'

[Wed, 25 Apr 18 00:35:00 +0700][ERROR] [5]: Action 'css' was not found on handler 'event'

[Wed, 25 Apr 18 00:35:00 +0700][ERROR] [5]: Action 'vendor' was not found on handler 'event'

[Wed, 25 Apr 18 00:35:00 +0700][ERROR] [5]: Action 'vendor' was not found on handler 'event'

[Wed, 25 Apr 18 00:35:00 +0700][ERROR] [5]: Action 'vendor' was not found on handler 'event'

[Wed, 25 Apr 18 00:35:00 +0700][ERROR] [5]: Action 'js' was not found on handler 'event'

[Wed, 25 Apr 18 00:35:23 +0700][ERROR] [5]: Action 'vendor' was not found on handler 'event'

[Wed, 25 Apr 18 00:35:23 +0700][ERROR] [5]: Action 'vendor' was not found on handler 'event'

[Wed, 25 Apr 18 00:35:23 +0700][ERROR] [5]: Action 'css' was not found on handler 'event'

[Wed, 25 Apr 18 00:35:23 +0700][ERROR] [5]: Action 'vendor' was not found on handler 'event'

[Wed, 25 Apr 18 00:35:23 +0700][ERROR] [5]: Action 'vendor' was not found on handler 'event'

[Wed, 25 Apr 18 00:35:23 +0700][ERROR] [5]: Action 'vendor' was not found on handler 'event'

[Wed, 25 Apr 18 00:35:23 +0700][ERROR] [5]: Action 'js' was not found on handler 'event'

[Wed, 25 Apr 18 00:35:23 +0700][ERROR] [5]: Action 'img' was not found on handler 'event'

[Wed, 25 Apr 18 00:35:23 +0700][ERROR] [5]: Action 'vendor' was not found on handler 'event'

[Wed, 25 Apr 18 00:35:23 +0700][ERROR] [5]: Action 'vendor' was not found on handler 'event'

[Wed, 25 Apr 18 00:35:23 +0700][ERROR] [5]: Action 'css' was not found on handler 'event'

[Wed, 25 Apr 18 00:35:23 +0700][ERROR] [5]: Action 'vendor' was not found on handler 'event'

[Wed, 25 Apr 18 00:35:23 +0700][ERROR] [5]: Action 'vendor' was not found on handler 'event'

[Wed, 25 Apr 18 00:35:23 +0700][ERROR] [5]: Action 'vendor' was not found on handler 'event'

[Wed, 25 Apr 18 00:35:23 +0700][ERROR] [5]: Action 'js' was not found on handler 'event'

[Wed, 25 Apr 18 00:35:38 +0700][ERROR] [2]: ImgController handler class cannot be loaded

[Wed, 25 Apr 18 00:36:39 +0700][ERROR] [5]: Action 'css' was not found on handler 'event'

[Wed, 25 Apr 18 00:36:39 +0700][ERROR] [5]: Action 'vendor' was not found on handler 'event'

[Wed, 25 Apr 18 00:36:39 +0700][ERROR] [5]: Action 'vendor' was not found on handler 'event'

[Wed, 25 Apr 18 00:36:39 +0700][ERROR] [5]: Action 'vendor' was not found on handler 'event'

[Wed, 25 Apr 18 00:36:40 +0700][ERROR] [5]: Action 'vendor' was not found on handler 'event'

[Wed, 25 Apr 18 00:36:40 +0700][ERROR] [5]: Action 'vendor' was not found on handler 'event'

[Wed, 25 Apr 18 00:36:40 +0700][ERROR] [5]: Action 'js' was not found on handler 'event'

[Wed, 25 Apr 18 00:36:40 +0700][ERROR] [5]: Action 'img' was not found on handler 'event'

[Wed, 25 Apr 18 00:36:40 +0700][ERROR] [5]: Action 'vendor' was not found on handler 'event'

[Wed, 25 Apr 18 00:36:40 +0700][ERROR] [5]: Action 'css' was not found on handler 'event'

[Wed, 25 Apr 18 00:36:40 +0700][ERROR] [5]: Action 'vendor' was not found on handler 'event'

[Wed, 25 Apr 18 00:36:40 +0700][ERROR] [5]: Action 'vendor' was not found on handler 'event'

[Wed, 25 Apr 18 00:36:40 +0700][ERROR] [5]: Action 'vendor' was not found on handler 'event'

[Wed, 25 Apr 18 00:36:40 +0700][ERROR] [5]: Action 'vendor' was not found on handler 'event'

[Wed, 25 Apr 18 00:36:40 +0700][ERROR] [5]: Action 'js' was not found on handler 'event'

[Wed, 25 Apr 18 00:37:08 +0700][ERROR] [5]: Action 'css' was not found on handler 'event'

[Wed, 25 Apr 18 00:37:08 +0700][ERROR] [5]: Action 'vendor' was not found on handler 'event'

[Wed, 25 Apr 18 00:37:08 +0700][ERROR] [5]: Action 'vendor' was not found on handler 'event'

[Wed, 25 Apr 18 00:37:08 +0700][ERROR] [5]: Action 'vendor' was not found on handler 'event'

[Wed, 25 Apr 18 00:37:08 +0700][ERROR] [5]: Action 'vendor' was not found on handler 'event'

[Wed, 25 Apr 18 00:37:08 +0700][ERROR] [5]: Action 'vendor' was not found on handler 'event'

[Wed, 25 Apr 18 00:37:08 +0700][ERROR] [5]: Action 'js' was not found on handler 'event'

[Wed, 25 Apr 18 00:37:08 +0700][ERROR] [5]: Action 'img' was not found on handler 'event'

[Wed, 25 Apr 18 00:37:08 +0700][ERROR] [5]: Action 'vendor' was not found on handler 'event'

[Wed, 25 Apr 18 00:37:08 +0700][ERROR] [5]: Action 'css' was not found on handler 'event'

[Wed, 25 Apr 18 00:37:08 +0700][ERROR] [5]: Action 'vendor' was not found on handler 'event'

[Wed, 25 Apr 18 00:37:08 +0700][ERROR] [5]: Action 'vendor' was not found on handler 'event'

[Wed, 25 Apr 18 00:37:08 +0700][ERROR] [5]: Action 'vendor' was not found on handler 'event'

[Wed, 25 Apr 18 00:37:08 +0700][ERROR] [5]: Action 'vendor' was not found on handler 'event'

[Wed, 25 Apr 18 00:37:08 +0700][ERROR] [5]: Action 'js' was not found on handler 'event'

[Wed, 25 Apr 18 00:37:23 +0700][ERROR] [5]: Action 'vendor' was not found on handler 'event'

[Wed, 25 Apr 18 00:37:23 +0700][ERROR] [5]: Action 'css' was not found on handler 'event'

[Wed, 25 Apr 18 00:37:23 +0700][ERROR] [5]: Action 'vendor' was not found on handler 'event'

[Wed, 25 Apr 18 00:37:23 +0700][ERROR] [5]: Action 'vendor' was not found on handler 'event'

[Wed, 25 Apr 18 00:37:23 +0700][ERROR] [5]: Action 'vendor' was not found on handler 'event'

[Wed, 25 Apr 18 00:37:23 +0700][ERROR] [5]: Action 'vendor' was not found on handler 'event'

[Wed, 25 Apr 18 00:37:23 +0700][ERROR] [5]: Action 'js' was not found on handler 'event'

[Wed, 25 Apr 18 00:37:23 +0700][ERROR] [5]: Action 'img' was not found on handler 'event'

[Wed, 25 Apr 18 00:37:23 +0700][ERROR] [5]: Action 'vendor' was not found on handler 'event'

[Wed, 25 Apr 18 00:37:23 +0700][ERROR] [5]: Action 'css' was not found on handler 'event'

[Wed, 25 Apr 18 00:37:23 +0700][ERROR] [5]: Action 'vendor' was not found on handler 'event'

[Wed, 25 Apr 18 00:37:23 +0700][ERROR] [5]: Action 'vendor' was not found on handler 'event'

[Wed, 25 Apr 18 00:37:23 +0700][ERROR] [5]: Action 'vendor' was not found on handler 'event'

[Wed, 25 Apr 18 00:37:23 +0700][ERROR] [5]: Action 'vendor' was not found on handler 'event'

[Wed, 25 Apr 18 00:37:23 +0700][ERROR] [5]: Action 'js' was not found on handler 'event'

[Wed, 25 Apr 18 03:00:34 +0700][ERROR] [2]: ImgController handler class cannot be loaded

[Wed, 25 Apr 18 03:00:36 +0700][ERROR] [5]: Action 'vendor' was not found on handler 'event'

[Wed, 25 Apr 18 03:00:36 +0700][ERROR] [5]: Action 'vendor' was not found on handler 'event'

[Wed, 25 Apr 18 03:00:36 +0700][ERROR] [5]: Action 'vendor' was not found on handler 'event'

[Wed, 25 Apr 18 03:00:36 +0700][ERROR] [5]: Action 'vendor' was not found on handler 'event'

[Wed, 25 Apr 18 03:00:36 +0700][ERROR] [5]: Action 'js' was not found on handler 'event'

[Wed, 25 Apr 18 03:00:37 +0700][ERROR] [5]: Action 'vendor' was not found on handler 'event'

[Wed, 25 Apr 18 03:00:37 +0700][ERROR] [5]: Action 'vendor' was not found on handler 'event'

[Wed, 25 Apr 18 03:00:37 +0700][ERROR] [5]: Action 'js' was not found on handler 'event'

[Wed, 25 Apr 18 03:01:32 +0700][ERROR] [5]: Action 'vendor' was not found on handler 'event'

[Wed, 25 Apr 18 03:01:32 +0700][ERROR] [5]: Action 'vendor' was not found on handler 'event'

[Wed, 25 Apr 18 03:01:32 +0700][ERROR] [5]: Action 'vendor' was not found on handler 'event'

[Wed, 25 Apr 18 03:01:32 +0700][ERROR] [5]: Action 'js' was not found on handler 'event'

[Wed, 25 Apr 18 03:01:32 +0700][ERROR] [5]: Action 'vendor' was not found on handler 'event'

[Wed, 25 Apr 18 03:01:32 +0700][ERROR] [5]: Action 'js' was not found on handler 'event'

[Wed, 25 Apr 18 03:04:00 +0700][ERROR] [5]: Action 'vendor' was not found on handler 'event'

[Wed, 25 Apr 18 03:04:00 +0700][ERROR] [5]: Action 'vendor' was not found on handler 'event'

[Wed, 25 Apr 18 03:04:00 +0700][ERROR] [5]: Action 'vendor' was not found on handler 'event'

[Wed, 25 Apr 18 03:04:00 +0700][ERROR] [5]: Action 'vendor' was not found on handler 'event'

[Wed, 25 Apr 18 03:04:00 +0700][ERROR] [5]: Action 'img' was not found on handler 'event'

[Wed, 25 Apr 18 03:04:00 +0700][ERROR] [5]: Action 'vendor' was not found on handler 'event'

[Wed, 25 Apr 18 03:04:00 +0700][ERROR] [5]: Action 'vendor' was not found on handler 'event'

[Wed, 25 Apr 18 03:04:02 +0700][ERROR] [5]: Action 'vendor' was not found on handler 'event'

[Wed, 25 Apr 18 03:04:02 +0700][ERROR] [5]: Action 'vendor' was not found on handler 'event'

[Wed, 25 Apr 18 03:04:02 +0700][ERROR] [5]: Action 'vendor' was not found on handler 'event'

[Wed, 25 Apr 18 03:04:02 +0700][ERROR] [5]: Action 'img' was not found on handler 'event'

[Wed, 25 Apr 18 03:04:03 +0700][ERROR] [5]: Action 'vendor' was not found on handler 'event'

[Wed, 25 Apr 18 03:04:03 +0700][ERROR] [5]: Action 'vendor' was not found on handler 'event'

[Wed, 25 Apr 18 05:52:53 +0700][ERROR] [5]: Action 'vendor' was not found on handler 'event'

[Wed, 25 Apr 18 05:52:53 +0700][ERROR] [5]: Action 'vendor' was not found on handler 'event'

[Wed, 25 Apr 18 05:52:53 +0700][ERROR] [5]: Action 'vendor' was not found on handler 'event'

[Wed, 25 Apr 18 05:52:56 +0700][ERROR] [5]: Action 'vendor' was not found on handler 'event'

[Wed, 25 Apr 18 05:53:00 +0700][ERROR] [5]: Action 'vendor' was not found on handler 'event'

[Wed, 25 Apr 18 05:53:03 +0700][ERROR] [5]: Action 'vendor' was not found on handler 'event'

[Wed, 25 Apr 18 05:53:41 +0700][ERROR] [5]: Action 'vendor' was not found on handler 'event'

[Wed, 25 Apr 18 05:53:46 +0700][ERROR] [5]: Action 'vendor' was not found on handler 'event'

[Wed, 25 Apr 18 05:53:48 +0700][ERROR] [5]: Action 'vendor' was not found on handler 'event'

[Wed, 25 Apr 18 05:53:51 +0700][ERROR] [5]: Action 'css' was not found on handler 'event'

