[Wed, 11 Apr 18 02:19:42 +0700][ERROR] [5]: Action 'vendor' was not found on handler 'event'

[Wed, 11 Apr 18 02:19:42 +0700][ERROR] [5]: Action 'vendor' was not found on handler 'event'

[Wed, 11 Apr 18 02:19:42 +0700][ERROR] [5]: Action 'vendor' was not found on handler 'event'

[Wed, 11 Apr 18 02:19:44 +0700][ERROR] [5]: Action 'vendor' was not found on handler 'event'

[Wed, 11 Apr 18 02:19:55 +0700][ERROR] [5]: Action 'vendor' was not found on handler 'event'

[Wed, 11 Apr 18 02:19:55 +0700][ERROR] [5]: Action 'vendor' was not found on handler 'event'

[Wed, 11 Apr 18 02:19:55 +0700][ERROR] [5]: Action 'vendor' was not found on handler 'event'

[Wed, 11 Apr 18 02:19:55 +0700][ERROR] [5]: Action 'vendor' was not found on handler 'event'

[Wed, 11 Apr 18 02:19:55 +0700][ERROR] [5]: Action 'img' was not found on handler 'event'

[Wed, 11 Apr 18 02:19:55 +0700][ERROR] [5]: Action 'vendor' was not found on handler 'event'

[Wed, 11 Apr 18 02:19:55 +0700][ERROR] [5]: Action 'vendor' was not found on handler 'event'

[Wed, 11 Apr 18 02:19:55 +0700][ERROR] [5]: Action 'vendor' was not found on handler 'event'

[Wed, 11 Apr 18 02:19:57 +0700][ERROR] [5]: Action 'vendor' was not found on handler 'event'

[Wed, 11 Apr 18 02:19:57 +0700][ERROR] [5]: Action 'vendor' was not found on handler 'event'

[Wed, 11 Apr 18 02:19:57 +0700][ERROR] [5]: Action 'vendor' was not found on handler 'event'

[Wed, 11 Apr 18 02:19:57 +0700][ERROR] [5]: Action 'vendor' was not found on handler 'event'

[Wed, 11 Apr 18 02:20:05 +0700][ERROR] [5]: Action 'vendor' was not found on handler 'event'

[Wed, 11 Apr 18 02:20:05 +0700][ERROR] [5]: Action 'vendor' was not found on handler 'event'

[Wed, 11 Apr 18 02:20:05 +0700][ERROR] [5]: Action 'vendor' was not found on handler 'event'

[Wed, 11 Apr 18 02:20:05 +0700][ERROR] [5]: Action 'vendor' was not found on handler 'event'

[Wed, 11 Apr 18 02:20:05 +0700][ERROR] [5]: Action 'js' was not found on handler 'event'

[Wed, 11 Apr 18 02:20:05 +0700][ERROR] [5]: Action 'vendor' was not found on handler 'event'

[Wed, 11 Apr 18 02:20:05 +0700][ERROR] [5]: Action 'vendor' was not found on handler 'event'

[Wed, 11 Apr 18 02:20:05 +0700][ERROR] [5]: Action 'vendor' was not found on handler 'event'

[Wed, 11 Apr 18 02:20:05 +0700][ERROR] [5]: Action 'js' was not found on handler 'event'

[Wed, 11 Apr 18 02:22:19 +0700][ERROR] [5]: Action 'vendor' was not found on handler 'authen'

[Wed, 11 Apr 18 02:22:19 +0700][ERROR] [5]: Action 'vendor' was not found on handler 'authen'

[Wed, 11 Apr 18 02:22:19 +0700][ERROR] [5]: Action 'vendor' was not found on handler 'authen'

[Wed, 11 Apr 18 02:22:19 +0700][ERROR] [5]: Action 'vendor' was not found on handler 'authen'

[Wed, 11 Apr 18 02:22:19 +0700][ERROR] [5]: Action 'vendor' was not found on handler 'authen'

[Wed, 11 Apr 18 02:22:46 +0700][ERROR] [5]: Action 'vendor' was not found on handler 'authen'

[Wed, 11 Apr 18 02:22:46 +0700][ERROR] [5]: Action 'vendor' was not found on handler 'authen'

[Wed, 11 Apr 18 02:22:46 +0700][ERROR] [5]: Action 'vendor' was not found on handler 'authen'

[Wed, 11 Apr 18 02:22:46 +0700][ERROR] [5]: Action 'js' was not found on handler 'authen'

[Wed, 11 Apr 18 02:22:46 +0700][ERROR] [5]: Action 'vendor' was not found on handler 'authen'

[Wed, 11 Apr 18 02:22:46 +0700][ERROR] [5]: Action 'js' was not found on handler 'authen'

[Wed, 11 Apr 18 02:23:00 +0700][ERROR] [5]: Action 'vendor' was not found on handler 'authen'

[Wed, 11 Apr 18 02:23:00 +0700][ERROR] [5]: Action 'vendor' was not found on handler 'authen'

[Wed, 11 Apr 18 02:23:00 +0700][ERROR] [5]: Action 'vendor' was not found on handler 'authen'

[Wed, 11 Apr 18 02:23:00 +0700][ERROR] [5]: Action 'vendor' was not found on handler 'authen'

[Wed, 11 Apr 18 02:23:00 +0700][ERROR] [5]: Action 'vendor' was not found on handler 'authen'

[Wed, 11 Apr 18 02:23:00 +0700][ERROR] [5]: Action 'js' was not found on handler 'authen'

[Wed, 11 Apr 18 02:23:00 +0700][ERROR] [5]: Action 'vendor' was not found on handler 'authen'

[Wed, 11 Apr 18 02:23:00 +0700][ERROR] [5]: Action 'vendor' was not found on handler 'authen'

[Wed, 11 Apr 18 02:23:00 +0700][ERROR] [5]: Action 'vendor' was not found on handler 'authen'

[Wed, 11 Apr 18 02:23:00 +0700][ERROR] [5]: Action 'vendor' was not found on handler 'authen'

[Wed, 11 Apr 18 02:23:01 +0700][ERROR] [5]: Action 'vendor' was not found on handler 'authen'

[Wed, 11 Apr 18 02:23:01 +0700][ERROR] [5]: Action 'vendor' was not found on handler 'authen'

[Wed, 11 Apr 18 02:23:01 +0700][ERROR] [5]: Action 'vendor' was not found on handler 'authen'

[Wed, 11 Apr 18 02:23:01 +0700][ERROR] [5]: Action 'vendor' was not found on handler 'authen'

[Wed, 11 Apr 18 02:23:01 +0700][ERROR] [5]: Action 'vendor' was not found on handler 'authen'

[Wed, 11 Apr 18 02:23:01 +0700][ERROR] [5]: Action 'vendor' was not found on handler 'authen'

[Wed, 11 Apr 18 02:23:01 +0700][ERROR] [5]: Action 'vendor' was not found on handler 'authen'

[Wed, 11 Apr 18 02:23:01 +0700][ERROR] [5]: Action 'vendor' was not found on handler 'authen'

[Wed, 11 Apr 18 02:23:01 +0700][ERROR] [5]: Action 'js' was not found on handler 'authen'

[Wed, 11 Apr 18 02:23:39 +0700][ERROR] [5]: Action 'vendor' was not found on handler 'event'

[Wed, 11 Apr 18 02:23:39 +0700][ERROR] [5]: Action 'vendor' was not found on handler 'event'

[Wed, 11 Apr 18 02:23:39 +0700][ERROR] [5]: Action 'vendor' was not found on handler 'event'

[Wed, 11 Apr 18 02:23:39 +0700][ERROR] [5]: Action 'vendor' was not found on handler 'event'

[Wed, 11 Apr 18 02:23:39 +0700][ERROR] [5]: Action 'vendor' was not found on handler 'event'

[Wed, 11 Apr 18 02:23:39 +0700][ERROR] [5]: Action 'vendor' was not found on handler 'event'

[Wed, 11 Apr 18 02:23:39 +0700][ERROR] [5]: Action 'vendor' was not found on handler 'event'

[Wed, 11 Apr 18 02:23:49 +0700][ERROR] [5]: Action 'vendor' was not found on handler 'event'

[Wed, 11 Apr 18 02:23:49 +0700][ERROR] [5]: Action 'vendor' was not found on handler 'event'

[Wed, 11 Apr 18 02:23:49 +0700][ERROR] [5]: Action 'vendor' was not found on handler 'event'

[Wed, 11 Apr 18 02:23:49 +0700][ERROR] [5]: Action 'vendor' was not found on handler 'event'

[Wed, 11 Apr 18 02:23:49 +0700][ERROR] [5]: Action 'vendor' was not found on handler 'event'

[Wed, 11 Apr 18 02:24:01 +0700][ERROR] [5]: Action 'vendor' was not found on handler 'event'

[Wed, 11 Apr 18 02:24:01 +0700][ERROR] [5]: Action 'vendor' was not found on handler 'event'

[Wed, 11 Apr 18 02:24:01 +0700][ERROR] [5]: Action 'vendor' was not found on handler 'event'

[Wed, 11 Apr 18 02:24:01 +0700][ERROR] [5]: Action 'vendor' was not found on handler 'event'

[Wed, 11 Apr 18 02:24:01 +0700][ERROR] [5]: Action 'img' was not found on handler 'event'

[Wed, 11 Apr 18 02:24:01 +0700][ERROR] [5]: Action 'vendor' was not found on handler 'event'

[Wed, 11 Apr 18 02:24:01 +0700][ERROR] [5]: Action 'vendor' was not found on handler 'event'

[Wed, 11 Apr 18 02:24:01 +0700][ERROR] [5]: Action 'vendor' was not found on handler 'event'

[Wed, 11 Apr 18 02:24:05 +0700][ERROR] [5]: Action 'vendor' was not found on handler 'event'

[Wed, 11 Apr 18 02:24:05 +0700][ERROR] [5]: Action 'vendor' was not found on handler 'event'

[Wed, 11 Apr 18 02:24:05 +0700][ERROR] [5]: Action 'vendor' was not found on handler 'event'

[Wed, 11 Apr 18 02:25:38 +0700][ERROR] [5]: Action 'vendor' was not found on handler 'event'

[Wed, 11 Apr 18 02:25:38 +0700][ERROR] [5]: Action 'vendor' was not found on handler 'event'

[Wed, 11 Apr 18 02:25:38 +0700][ERROR] [5]: Action 'vendor' was not found on handler 'event'

[Wed, 11 Apr 18 02:25:38 +0700][ERROR] [5]: Action 'vendor' was not found on handler 'event'

[Wed, 11 Apr 18 02:25:38 +0700][ERROR] [5]: Action 'js' was not found on handler 'event'

[Wed, 11 Apr 18 02:25:38 +0700][ERROR] [5]: Action 'vendor' was not found on handler 'event'

[Wed, 11 Apr 18 02:25:38 +0700][ERROR] [5]: Action 'vendor' was not found on handler 'event'

[Wed, 11 Apr 18 02:25:38 +0700][ERROR] [5]: Action 'js' was not found on handler 'event'

[Wed, 11 Apr 18 02:26:03 +0700][ERROR] [5]: Action 'vendor' was not found on handler 'event'

[Wed, 11 Apr 18 02:26:03 +0700][ERROR] [5]: Action 'vendor' was not found on handler 'event'

[Wed, 11 Apr 18 02:26:03 +0700][ERROR] [5]: Action 'vendor' was not found on handler 'event'

[Wed, 11 Apr 18 02:26:03 +0700][ERROR] [5]: Action 'vendor' was not found on handler 'event'

[Wed, 11 Apr 18 02:26:03 +0700][ERROR] [5]: Action 'js' was not found on handler 'event'

[Wed, 11 Apr 18 02:26:03 +0700][ERROR] [5]: Action 'vendor' was not found on handler 'event'

[Wed, 11 Apr 18 02:26:03 +0700][ERROR] [5]: Action 'vendor' was not found on handler 'event'

[Wed, 11 Apr 18 02:26:03 +0700][ERROR] [5]: Action 'js' was not found on handler 'event'

[Wed, 11 Apr 18 02:26:08 +0700][ERROR] [5]: Action 'vendor' was not found on handler 'event'

[Wed, 11 Apr 18 02:26:08 +0700][ERROR] [5]: Action 'vendor' was not found on handler 'event'

[Wed, 11 Apr 18 02:26:08 +0700][ERROR] [5]: Action 'vendor' was not found on handler 'event'

[Wed, 11 Apr 18 02:26:08 +0700][ERROR] [5]: Action 'js' was not found on handler 'event'

[Wed, 11 Apr 18 02:26:08 +0700][ERROR] [5]: Action 'vendor' was not found on handler 'event'

[Wed, 11 Apr 18 02:26:08 +0700][ERROR] [5]: Action 'vendor' was not found on handler 'event'

[Wed, 11 Apr 18 02:26:08 +0700][ERROR] [5]: Action 'js' was not found on handler 'event'

[Wed, 11 Apr 18 02:27:08 +0700][ERROR] [5]: Action 'vendor' was not found on handler 'event'

[Wed, 11 Apr 18 02:27:08 +0700][ERROR] [5]: Action 'vendor' was not found on handler 'event'

[Wed, 11 Apr 18 02:27:08 +0700][ERROR] [5]: Action 'vendor' was not found on handler 'event'

[Wed, 11 Apr 18 02:27:08 +0700][ERROR] [5]: Action 'js' was not found on handler 'event'

[Wed, 11 Apr 18 02:27:08 +0700][ERROR] [5]: Action 'vendor' was not found on handler 'event'

[Wed, 11 Apr 18 02:27:08 +0700][ERROR] [5]: Action 'vendor' was not found on handler 'event'

[Wed, 11 Apr 18 02:27:08 +0700][ERROR] [5]: Action 'js' was not found on handler 'event'

