[Sun, 08 Apr 18 00:39:14 +0700][ERROR] [5]: Action 'addevent' was not found on handler 'event'

[Sun, 08 Apr 18 00:40:16 +0700][ERROR] [5]: Action 'event' was not found on handler 'event'

[Sun, 08 Apr 18 00:40:19 +0700][ERROR] [5]: Action 'event' was not found on handler 'event'

[Sun, 08 Apr 18 00:40:20 +0700][ERROR] [5]: Action 'event' was not found on handler 'event'

[Sun, 08 Apr 18 00:40:21 +0700][ERROR] [5]: Action 'event' was not found on handler 'event'

[Sun, 08 Apr 18 00:40:22 +0700][ERROR] [5]: Action 'event' was not found on handler 'event'

[Sun, 08 Apr 18 00:40:22 +0700][ERROR] [5]: Action 'event' was not found on handler 'event'

[Sun, 08 Apr 18 00:40:23 +0700][ERROR] [5]: Action 'event' was not found on handler 'event'

[Sun, 08 Apr 18 00:40:24 +0700][ERROR] [5]: Action 'event' was not found on handler 'event'

[Sun, 08 Apr 18 00:40:24 +0700][ERROR] [5]: Action 'event' was not found on handler 'event'

[Sun, 08 Apr 18 00:40:24 +0700][ERROR] [5]: Action 'event' was not found on handler 'event'

[Sun, 08 Apr 18 00:40:25 +0700][ERROR] [5]: Action 'event' was not found on handler 'event'

[Sun, 08 Apr 18 00:42:02 +0700][ERROR] [5]: Action 'addevent' was not found on handler 'event'

[Sun, 08 Apr 18 00:42:56 +0700][ERROR] [5]: Action 'authen' was not found on handler 'event'

[Sun, 08 Apr 18 00:42:57 +0700][ERROR] [5]: Action 'authen' was not found on handler 'event'

[Sun, 08 Apr 18 00:42:58 +0700][ERROR] [5]: Action 'authen' was not found on handler 'event'

[Sun, 08 Apr 18 00:42:59 +0700][ERROR] [5]: Action 'authen' was not found on handler 'event'

[Sun, 08 Apr 18 00:42:59 +0700][ERROR] [5]: Action 'authen' was not found on handler 'event'

[Sun, 08 Apr 18 00:42:59 +0700][ERROR] [5]: Action 'authen' was not found on handler 'event'

[Sun, 08 Apr 18 00:42:59 +0700][ERROR] [5]: Action 'authen' was not found on handler 'event'

[Sun, 08 Apr 18 00:43:00 +0700][ERROR] [5]: Action 'authen' was not found on handler 'event'

[Sun, 08 Apr 18 00:43:00 +0700][ERROR] [5]: Action 'authen' was not found on handler 'event'

[Sun, 08 Apr 18 00:43:00 +0700][ERROR] [5]: Action 'authen' was not found on handler 'event'

[Sun, 08 Apr 18 00:57:50 +0700][ERROR] [5]: Action 'addevent' was not found on handler 'event'

[Sun, 08 Apr 18 00:57:50 +0700][ERROR] [5]: Action 'selectJson.php' was not found on handler 'event'

[Sun, 08 Apr 18 00:57:53 +0700][ERROR] [5]: Action 'event' was not found on handler 'event'

[Sun, 08 Apr 18 00:57:53 +0700][ERROR] [5]: Action 'event' was not found on handler 'event'

[Sun, 08 Apr 18 00:59:24 +0700][ERROR] [5]: Action 'event' was not found on handler 'event'

[Sun, 08 Apr 18 00:59:24 +0700][ERROR] [5]: Action 'event' was not found on handler 'event'

[Sun, 08 Apr 18 00:59:25 +0700][ERROR] [5]: Action 'event' was not found on handler 'event'

[Sun, 08 Apr 18 00:59:25 +0700][ERROR] [5]: Action 'event' was not found on handler 'event'

[Sun, 08 Apr 18 00:59:26 +0700][ERROR] [5]: Action 'event' was not found on handler 'event'

[Sun, 08 Apr 18 00:59:26 +0700][ERROR] [5]: Action 'event' was not found on handler 'event'

[Sun, 08 Apr 18 00:59:27 +0700][ERROR] [5]: Action 'event' was not found on handler 'event'

[Sun, 08 Apr 18 00:59:27 +0700][ERROR] [5]: Action 'event' was not found on handler 'event'

[Sun, 08 Apr 18 00:59:28 +0700][ERROR] [5]: Action 'event' was not found on handler 'event'

[Sun, 08 Apr 18 00:59:28 +0700][ERROR] [5]: Action 'event' was not found on handler 'event'

[Sun, 08 Apr 18 00:59:28 +0700][ERROR] [5]: Action 'event' was not found on handler 'event'

[Sun, 08 Apr 18 00:59:28 +0700][ERROR] [5]: Action 'event' was not found on handler 'event'

[Sun, 08 Apr 18 00:59:32 +0700][ERROR] [5]: Action 'event' was not found on handler 'event'

[Sun, 08 Apr 18 00:59:32 +0700][ERROR] [5]: Action 'event' was not found on handler 'event'

[Sun, 08 Apr 18 00:59:33 +0700][ERROR] [5]: Action 'event' was not found on handler 'event'

[Sun, 08 Apr 18 00:59:33 +0700][ERROR] [5]: Action 'event' was not found on handler 'event'

[Sun, 08 Apr 18 00:59:49 +0700][ERROR] [5]: Action 'addevent' was not found on handler 'event'

[Sun, 08 Apr 18 00:59:49 +0700][ERROR] [5]: Action 'selectJson.php' was not found on handler 'event'

[Sun, 08 Apr 18 01:00:12 +0700][ERROR] [5]: Action 'addevent' was not found on handler 'event'

[Sun, 08 Apr 18 01:00:12 +0700][ERROR] [5]: Action 'selectJson.php' was not found on handler 'event'

[Sun, 08 Apr 18 01:01:37 +0700][ERROR] [5]: Action 'addevent' was not found on handler 'event'

[Sun, 08 Apr 18 01:01:37 +0700][ERROR] [5]: Action 'selectJson.php' was not found on handler 'event'

[Sun, 08 Apr 18 01:02:35 +0700][ERROR] [5]: Action 'addevent' was not found on handler 'event'

[Sun, 08 Apr 18 01:02:35 +0700][ERROR] [5]: Action 'selectJson.php' was not found on handler 'event'

[Sun, 08 Apr 18 01:02:36 +0700][ERROR] [5]: Action 'event' was not found on handler 'event'

[Sun, 08 Apr 18 01:02:36 +0700][ERROR] [5]: Action 'event' was not found on handler 'event'

[Sun, 08 Apr 18 01:02:37 +0700][ERROR] [5]: Action 'event' was not found on handler 'event'

[Sun, 08 Apr 18 01:02:37 +0700][ERROR] [5]: Action 'event' was not found on handler 'event'

[Sun, 08 Apr 18 01:02:38 +0700][ERROR] [5]: Action 'event' was not found on handler 'event'

[Sun, 08 Apr 18 01:02:38 +0700][ERROR] [5]: Action 'event' was not found on handler 'event'

[Sun, 08 Apr 18 01:02:38 +0700][ERROR] [5]: Action 'event' was not found on handler 'event'

[Sun, 08 Apr 18 01:02:38 +0700][ERROR] [5]: Action 'event' was not found on handler 'event'

[Sun, 08 Apr 18 01:02:39 +0700][ERROR] [5]: Action 'event' was not found on handler 'event'

[Sun, 08 Apr 18 01:02:39 +0700][ERROR] [5]: Action 'event' was not found on handler 'event'

[Sun, 08 Apr 18 01:02:39 +0700][ERROR] [5]: Action 'event' was not found on handler 'event'

[Sun, 08 Apr 18 01:02:39 +0700][ERROR] [5]: Action 'event' was not found on handler 'event'

[Sun, 08 Apr 18 01:02:40 +0700][ERROR] [5]: Action 'event' was not found on handler 'event'

[Sun, 08 Apr 18 01:02:40 +0700][ERROR] [5]: Action 'event' was not found on handler 'event'

[Sun, 08 Apr 18 01:02:41 +0700][ERROR] [5]: Action 'event' was not found on handler 'event'

[Sun, 08 Apr 18 01:02:41 +0700][ERROR] [5]: Action 'event' was not found on handler 'event'

[Sun, 08 Apr 18 01:02:41 +0700][ERROR] [5]: Action 'event' was not found on handler 'event'

[Sun, 08 Apr 18 01:02:41 +0700][ERROR] [5]: Action 'event' was not found on handler 'event'

[Sun, 08 Apr 18 01:02:42 +0700][ERROR] [5]: Action 'event' was not found on handler 'event'

[Sun, 08 Apr 18 01:02:42 +0700][ERROR] [5]: Action 'event' was not found on handler 'event'

[Sun, 08 Apr 18 01:02:43 +0700][ERROR] [5]: Action 'event' was not found on handler 'event'

[Sun, 08 Apr 18 01:02:43 +0700][ERROR] [5]: Action 'event' was not found on handler 'event'

[Sun, 08 Apr 18 01:02:44 +0700][ERROR] [5]: Action 'event' was not found on handler 'event'

[Sun, 08 Apr 18 01:02:44 +0700][ERROR] [5]: Action 'event' was not found on handler 'event'

[Sun, 08 Apr 18 01:03:34 +0700][ERROR] [5]: Action 'addevent' was not found on handler 'event'

[Sun, 08 Apr 18 01:03:34 +0700][ERROR] [5]: Action 'selectJson.php' was not found on handler 'event'

[Sun, 08 Apr 18 01:03:37 +0700][ERROR] [5]: Action 'event' was not found on handler 'event'

[Sun, 08 Apr 18 01:03:37 +0700][ERROR] [5]: Action 'event' was not found on handler 'event'

[Sun, 08 Apr 18 01:03:38 +0700][ERROR] [5]: Action 'event' was not found on handler 'event'

[Sun, 08 Apr 18 01:03:38 +0700][ERROR] [5]: Action 'event' was not found on handler 'event'

[Sun, 08 Apr 18 01:03:42 +0700][ERROR] [5]: Action 'event' was not found on handler 'event'

[Sun, 08 Apr 18 01:03:42 +0700][ERROR] [5]: Action 'event' was not found on handler 'event'

[Sun, 08 Apr 18 01:03:44 +0700][ERROR] [5]: Action 'event' was not found on handler 'event'

[Sun, 08 Apr 18 01:03:44 +0700][ERROR] [5]: Action 'event' was not found on handler 'event'

[Sun, 08 Apr 18 01:03:49 +0700][ERROR] [5]: Action 'addevent' was not found on handler 'event'

[Sun, 08 Apr 18 01:03:49 +0700][ERROR] [5]: Action 'selectJson.php' was not found on handler 'event'

[Sun, 08 Apr 18 01:03:50 +0700][ERROR] [5]: Action 'authen' was not found on handler 'event'

[Sun, 08 Apr 18 01:03:50 +0700][ERROR] [5]: Action 'authen' was not found on handler 'event'

[Sun, 08 Apr 18 01:04:54 +0700][ERROR] [5]: Action 'addevent' was not found on handler 'event'

[Sun, 08 Apr 18 01:04:54 +0700][ERROR] [5]: Action 'selectJson.php' was not found on handler 'event'

[Sun, 08 Apr 18 01:04:58 +0700][ERROR] [5]: Action 'authen' was not found on handler 'event'

[Sun, 08 Apr 18 01:04:58 +0700][ERROR] [5]: Action 'authen' was not found on handler 'event'

[Sun, 08 Apr 18 01:06:15 +0700][ERROR] [5]: Action 'addevent' was not found on handler 'event'

[Sun, 08 Apr 18 01:06:15 +0700][ERROR] [5]: Action 'selectJson.php' was not found on handler 'event'

[Sun, 08 Apr 18 01:06:39 +0700][ERROR] [5]: Action 'addevent' was not found on handler 'event'

[Sun, 08 Apr 18 01:06:39 +0700][ERROR] [5]: Action 'selectJson.php' was not found on handler 'event'

[Sun, 08 Apr 18 01:06:51 +0700][ERROR] [5]: Action 'addevent' was not found on handler 'event'

[Sun, 08 Apr 18 01:07:27 +0700][ERROR] [5]: Action 'addevent' was not found on handler 'event'

[Sun, 08 Apr 18 01:07:38 +0700][ERROR] [5]: Action 'event' was not found on handler 'event'

[Sun, 08 Apr 18 01:07:39 +0700][ERROR] [5]: Action 'addevent' was not found on handler 'event'

[Sun, 08 Apr 18 01:07:40 +0700][ERROR] [5]: Action 'addevent' was not found on handler 'event'

[Sun, 08 Apr 18 01:09:07 +0700][ERROR] [5]: Action 'addevent' was not found on handler 'event'

[Sun, 08 Apr 18 01:09:57 +0700][ERROR] [5]: Action 'profile' was not found on handler 'profile'

[Sun, 08 Apr 18 01:09:59 +0700][ERROR] [5]: Action 'profile' was not found on handler 'profile'

[Sun, 08 Apr 18 01:11:05 +0700][ERROR] [5]: Action 'addevent' was not found on handler 'event'

[Sun, 08 Apr 18 01:11:29 +0700][ERROR] [5]: Action 'addevent' was not found on handler 'event'

[Sun, 08 Apr 18 01:11:44 +0700][ERROR] [5]: Action 'addevent' was not found on handler 'event'

[Sun, 08 Apr 18 01:13:22 +0700][ERROR] [5]: Action 'addevent' was not found on handler 'event'

[Sun, 08 Apr 18 01:13:24 +0700][ERROR] [5]: Action 'authen' was not found on handler 'event'

[Sun, 08 Apr 18 01:13:28 +0700][ERROR] [5]: Action 'authen' was not found on handler 'event'

[Sun, 08 Apr 18 01:13:43 +0700][ERROR] [5]: Action 'addevent' was not found on handler 'event'

[Sun, 08 Apr 18 01:15:43 +0700][ERROR] [5]: Action 'add' was not found on handler 'event'

[Sun, 08 Apr 18 01:15:45 +0700][ERROR] [5]: Action 'authen' was not found on handler 'event'

[Sun, 08 Apr 18 01:15:46 +0700][ERROR] [5]: Action 'add' was not found on handler 'event'

[Sun, 08 Apr 18 01:15:55 +0700][ERROR] [5]: Action 'add' was not found on handler 'event'

[Sun, 08 Apr 18 01:17:30 +0700][ERROR] [5]: Action 'authen' was not found on handler 'event'

[Sun, 08 Apr 18 01:17:32 +0700][ERROR] [5]: Action 'add' was not found on handler 'event'

[Sun, 08 Apr 18 01:17:39 +0700][ERROR] [5]: Action 'add' was not found on handler 'event'

[Sun, 08 Apr 18 01:17:44 +0700][ERROR] [5]: Action 'event' was not found on handler 'event'

[Sun, 08 Apr 18 01:17:44 +0700][ERROR] [5]: Action 'event' was not found on handler 'event'

[Sun, 08 Apr 18 01:17:45 +0700][ERROR] [5]: Action 'event' was not found on handler 'event'

[Sun, 08 Apr 18 01:17:45 +0700][ERROR] [5]: Action 'event' was not found on handler 'event'

[Sun, 08 Apr 18 01:17:45 +0700][ERROR] [5]: Action 'event' was not found on handler 'event'

[Sun, 08 Apr 18 01:17:45 +0700][ERROR] [5]: Action 'event' was not found on handler 'event'

[Sun, 08 Apr 18 01:17:45 +0700][ERROR] [5]: Action 'event' was not found on handler 'event'

[Sun, 08 Apr 18 01:17:46 +0700][ERROR] [5]: Action 'event' was not found on handler 'event'

[Sun, 08 Apr 18 01:17:46 +0700][ERROR] [5]: Action 'event' was not found on handler 'event'

[Sun, 08 Apr 18 01:17:46 +0700][ERROR] [5]: Action 'event' was not found on handler 'event'

[Sun, 08 Apr 18 01:17:53 +0700][ERROR] [5]: Action 'add' was not found on handler 'event'

[Sun, 08 Apr 18 01:20:17 +0700][ERROR] [5]: Action 'add' was not found on handler 'event'

[Sun, 08 Apr 18 01:26:03 +0700][ERROR] [5]: Action 'event' was not found on handler 'event'

[Sun, 08 Apr 18 01:26:05 +0700][ERROR] [5]: Action 'event' was not found on handler 'event'

[Sun, 08 Apr 18 01:26:06 +0700][ERROR] [5]: Action 'event' was not found on handler 'event'

[Sun, 08 Apr 18 01:35:26 +0700][ERROR] [5]: Action 'authen' was not found on handler 'event'

[Sun, 08 Apr 18 01:35:28 +0700][ERROR] [5]: Action 'authen' was not found on handler 'event'

[Sun, 08 Apr 18 01:35:39 +0700][ERROR] [5]: Action 'selectJson.php' was not found on handler 'event'

[Sun, 08 Apr 18 01:36:09 +0700][ERROR] [5]: Action 'selectJson.php' was not found on handler 'event'

[Sun, 08 Apr 18 01:36:30 +0700][ERROR] [5]: Action 'event' was not found on handler 'event'

[Sun, 08 Apr 18 01:36:30 +0700][ERROR] [5]: Action 'event' was not found on handler 'event'

[Sun, 08 Apr 18 01:36:41 +0700][ERROR] [5]: Action 'selectJson.php' was not found on handler 'event'

[Sun, 08 Apr 18 01:36:52 +0700][ERROR] [5]: Action 'selectJson.php' was not found on handler 'event'

[Sun, 08 Apr 18 01:40:43 +0700][ERROR] [5]: Action 'authen' was not found on handler 'event'

[Sun, 08 Apr 18 01:40:43 +0700][ERROR] [5]: Action 'authen' was not found on handler 'event'

[Sun, 08 Apr 18 01:41:01 +0700][ERROR] [5]: Action 'selectJson.php' was not found on handler 'event'

[Sun, 08 Apr 18 01:41:12 +0700][ERROR] [5]: Action 'selectJson.php' was not found on handler 'event'

[Sun, 08 Apr 18 01:46:03 +0700][ERROR] [5]: Action 'selectJson.php' was not found on handler 'event'

[Sun, 08 Apr 18 01:58:22 +0700][ERROR] [5]: Action 'authen' was not found on handler 'event'

[Sun, 08 Apr 18 01:58:22 +0700][ERROR] [5]: Action 'authen' was not found on handler 'event'

[Sun, 08 Apr 18 01:58:35 +0700][ERROR] [5]: Action 'selectJson.php' was not found on handler 'event'

[Sun, 08 Apr 18 01:58:43 +0700][ERROR] [5]: Action 'selectJson.php' was not found on handler 'event'

[Sun, 08 Apr 18 02:10:01 +0700][ERROR] [5]: Action 'selectJson.php' was not found on handler 'event'

[Sun, 08 Apr 18 02:11:52 +0700][ERROR] [5]: Action 'selectJson.php' was not found on handler 'event'

[Sun, 08 Apr 18 02:17:19 +0700][ERROR] [5]: Action 'selectJson.php' was not found on handler 'event'

[Sun, 08 Apr 18 02:22:11 +0700][ERROR] [5]: Action 'selectJson.php' was not found on handler 'event'

[Sun, 08 Apr 18 02:22:26 +0700][ERROR] [5]: Action 'authen' was not found on handler 'event'

[Sun, 08 Apr 18 02:22:26 +0700][ERROR] [5]: Action 'authen' was not found on handler 'event'

[Sun, 08 Apr 18 02:22:33 +0700][ERROR] [5]: Action 'selectJson.php' was not found on handler 'event'

[Sun, 08 Apr 18 02:22:56 +0700][ERROR] [5]: Action 'selectJson.php' was not found on handler 'event'

[Sun, 08 Apr 18 02:23:17 +0700][ERROR] [5]: Action 'selectJson.php' was not found on handler 'event'

[Sun, 08 Apr 18 02:23:35 +0700][ERROR] [5]: Action 'selectJson.php' was not found on handler 'event'

[Sun, 08 Apr 18 02:23:52 +0700][ERROR] [5]: Action 'selectJson.php' was not found on handler 'event'

[Sun, 08 Apr 18 02:29:20 +0700][ERROR] [5]: Action 'selectJson.php' was not found on handler 'event'

[Sun, 08 Apr 18 02:29:34 +0700][ERROR] [5]: Action 'event' was not found on handler 'event'

[Sun, 08 Apr 18 02:29:34 +0700][ERROR] [5]: Action 'event' was not found on handler 'event'

[Sun, 08 Apr 18 02:29:43 +0700][ERROR] [5]: Action 'selectJson.php' was not found on handler 'event'

[Sun, 08 Apr 18 02:31:01 +0700][ERROR] [5]: Action 'selectJson.php' was not found on handler 'event'

[Sun, 08 Apr 18 02:31:03 +0700][ERROR] [5]: Action 'selectJson.php' was not found on handler 'event'

[Sun, 08 Apr 18 02:31:04 +0700][ERROR] [5]: Action 'selectJson.php' was not found on handler 'event'

[Sun, 08 Apr 18 02:31:04 +0700][ERROR] [5]: Action 'selectJson.php' was not found on handler 'event'

[Sun, 08 Apr 18 02:31:05 +0700][ERROR] [5]: Action 'selectJson.php' was not found on handler 'event'

[Sun, 08 Apr 18 02:31:05 +0700][ERROR] [5]: Action 'selectJson.php' was not found on handler 'event'

[Sun, 08 Apr 18 02:31:06 +0700][ERROR] [5]: Action 'selectJson.php' was not found on handler 'event'

[Sun, 08 Apr 18 02:33:23 +0700][ERROR] [5]: Action 'selectJson.php' was not found on handler 'event'

[Sun, 08 Apr 18 02:33:28 +0700][ERROR] [5]: Action 'authen' was not found on handler 'event'

[Sun, 08 Apr 18 02:33:28 +0700][ERROR] [5]: Action 'authen' was not found on handler 'event'

[Sun, 08 Apr 18 02:52:20 +0700][ERROR] [2]: ControllersController handler class cannot be loaded

[Sun, 08 Apr 18 02:52:21 +0700][ERROR] [2]: ControllersController handler class cannot be loaded

[Sun, 08 Apr 18 02:52:21 +0700][ERROR] [2]: ControllersController handler class cannot be loaded

[Sun, 08 Apr 18 02:52:26 +0700][ERROR] [2]: ControllersController handler class cannot be loaded

[Sun, 08 Apr 18 02:54:02 +0700][ERROR] [2]: ControllersController handler class cannot be loaded

[Sun, 08 Apr 18 02:57:24 +0700][ERROR] [2]: ControllersController handler class cannot be loaded

[Sun, 08 Apr 18 02:58:04 +0700][ERROR] [2]: ControllersController handler class cannot be loaded

[Sun, 08 Apr 18 02:59:50 +0700][ERROR] [2]: ControllersController handler class cannot be loaded

[Sun, 08 Apr 18 02:59:56 +0700][ERROR] [2]: ControllersController handler class cannot be loaded

[Sun, 08 Apr 18 03:07:43 +0700][ERROR] [2]: ControllersController handler class cannot be loaded

[Sun, 08 Apr 18 03:28:24 +0700][ERROR] [2]: ControllersController handler class cannot be loaded

[Sun, 08 Apr 18 03:28:46 +0700][ERROR] [2]: ControllersController handler class cannot be loaded

[Sun, 08 Apr 18 03:28:47 +0700][ERROR] [2]: ControllersController handler class cannot be loaded

[Sun, 08 Apr 18 03:28:48 +0700][ERROR] [2]: ControllersController handler class cannot be loaded

[Sun, 08 Apr 18 03:28:48 +0700][ERROR] [2]: ControllersController handler class cannot be loaded

[Sun, 08 Apr 18 03:28:48 +0700][ERROR] [2]: ControllersController handler class cannot be loaded

[Sun, 08 Apr 18 03:30:18 +0700][ERROR] [2]: ControllersController handler class cannot be loaded

[Sun, 08 Apr 18 03:30:20 +0700][ERROR] [2]: ControllersController handler class cannot be loaded

[Sun, 08 Apr 18 03:30:21 +0700][ERROR] [2]: ControllersController handler class cannot be loaded

[Sun, 08 Apr 18 03:30:21 +0700][ERROR] [2]: ControllersController handler class cannot be loaded

[Sun, 08 Apr 18 03:30:40 +0700][ERROR] [2]: ControllersController handler class cannot be loaded

[Sun, 08 Apr 18 03:30:41 +0700][ERROR] [2]: ControllersController handler class cannot be loaded

[Sun, 08 Apr 18 03:30:41 +0700][ERROR] [2]: ControllersController handler class cannot be loaded

[Sun, 08 Apr 18 03:30:41 +0700][ERROR] [2]: ControllersController handler class cannot be loaded

[Sun, 08 Apr 18 03:30:42 +0700][ERROR] [2]: ControllersController handler class cannot be loaded

[Sun, 08 Apr 18 03:30:42 +0700][ERROR] [2]: ControllersController handler class cannot be loaded

[Sun, 08 Apr 18 04:10:19 +0700][ERROR] [5]: Action 'event' was not found on handler 'event'

[Sun, 08 Apr 18 04:13:41 +0700][ERROR] [5]: Action 'edit' was not found on handler 'event'

[Sun, 08 Apr 18 04:14:17 +0700][ERROR] [5]: Action 'event' was not found on handler 'event'

[Sun, 08 Apr 18 04:17:01 +0700][ERROR] [5]: Action 'edit' was not found on handler 'event'

